<?xml version="1.0" encoding="UTF-8"?>
<!-- Generated by org.testng.reporters.JUnitReportReporter -->
<testsuite hostname="DESKTOP-3BK0EI4" failures="0" tests="1" name="AutomationFinal" time="16.890" errors="0" timestamp="2023-06-12T14:05:22 EET" skipped="0">
  <testcase classname="AutomationFinal" name="myFirst" time="16.890"/>
  <system-out/>
</testsuite> <!-- AutomationFinal -->
